2020-03-31 10:40:09.589  INFO 8484 --- [main] chaoimi.community.CommunityApplication   : Starting CommunityApplication on LAPTOP-NMNA529P with PID 8484 (D:\Workspace\1Forum\target\classes started by chaomi in D:\Workspace\1Forum)
2020-03-31 10:40:09.589  INFO 8484 --- [main] chaoimi.community.CommunityApplication   : No active profile set, falling back to default profiles: default
2020-03-31 10:40:09.855  WARN 8484 --- [background-preinit] o.s.h.c.j.Jackson2ObjectMapperBuilder    : For Jackson Kotlin classes support please add "com.fasterxml.jackson.module:jackson-module-kotlin" to the classpath
2020-03-31 10:40:10.864  INFO 8484 --- [main] o.s.b.w.embedded.tomcat.TomcatWebServer  : Tomcat initialized with port(s): 8887 (http)
2020-03-31 10:40:10.874  INFO 8484 --- [main] o.apache.catalina.core.StandardService   : Starting service [Tomcat]
2020-03-31 10:40:10.874  INFO 8484 --- [main] org.apache.catalina.core.StandardEngine  : Starting Servlet engine: [Apache Tomcat/9.0.31]
2020-03-31 10:40:10.953  INFO 8484 --- [main] o.a.c.c.C.[Tomcat].[localhost].[/]       : Initializing Spring embedded WebApplicationContext
2020-03-31 10:40:10.953  INFO 8484 --- [main] o.s.web.context.ContextLoader            : Root WebApplicationContext: initialization completed in 1286 ms
2020-03-31 10:40:11.399  INFO 8484 --- [main] o.s.s.concurrent.ThreadPoolTaskExecutor  : Initializing ExecutorService 'applicationTaskExecutor'
2020-03-31 10:40:11.461  INFO 8484 --- [main] o.s.b.a.w.s.WelcomePageHandlerMapping    : Adding welcome page template: index
2020-03-31 10:40:11.651  INFO 8484 --- [main] o.s.b.w.embedded.tomcat.TomcatWebServer  : Tomcat started on port(s): 8887 (http) with context path ''
2020-03-31 10:40:11.651  INFO 8484 --- [main] chaoimi.community.CommunityApplication   : Started CommunityApplication in 2.549 seconds (JVM running for 3.419)
2020-03-31 10:40:21.394  INFO 8484 --- [http-nio-8887-exec-1] o.a.c.c.C.[Tomcat].[localhost].[/]       : Initializing Spring DispatcherServlet 'dispatcherServlet'
2020-03-31 10:40:21.394  INFO 8484 --- [http-nio-8887-exec-1] o.s.web.servlet.DispatcherServlet        : Initializing Servlet 'dispatcherServlet'
2020-03-31 10:40:21.399  INFO 8484 --- [http-nio-8887-exec-1] o.s.web.servlet.DispatcherServlet        : Completed initialization in 5 ms
2020-03-31 10:40:21.445  INFO 8484 --- [http-nio-8887-exec-1] com.zaxxer.hikari.HikariDataSource       : HikariPool-1 - Starting...
2020-03-31 10:40:21.565  INFO 8484 --- [http-nio-8887-exec-1] com.zaxxer.hikari.HikariDataSource       : HikariPool-1 - Start completed.
2020-03-31 10:40:21.571 DEBUG 8484 --- [http-nio-8887-exec-1] c.c.mapper.UserMapper.selectByExample    : ==>  Preparing: select ID, ACCOUNT_ID, NAME, TOKEN, GMT_CREATE, GMT_MODIFIED, BIO, AVATAR_URL from USER WHERE ( TOKEN = ? ) 
2020-03-31 10:40:21.587 DEBUG 8484 --- [http-nio-8887-exec-1] c.c.mapper.UserMapper.selectByExample    : ==> Parameters: 38284e7a-0c3a-4532-a534-1a95632074ac(String)
2020-03-31 10:40:21.602 DEBUG 8484 --- [http-nio-8887-exec-1] c.c.mapper.UserMapper.selectByExample    : <==      Total: 1
2020-03-31 10:40:21.612 DEBUG 8484 --- [http-nio-8887-exec-1] c.c.m.NotificationMapper.countByExample  : ==>  Preparing: select count(*) from NOTIFICATION WHERE ( RECEIVER = ? and STATUS = ? ) 
2020-03-31 10:40:21.614 DEBUG 8484 --- [http-nio-8887-exec-1] c.c.m.NotificationMapper.countByExample  : ==> Parameters: 1(Long), 0(Integer)
2020-03-31 10:40:21.618 DEBUG 8484 --- [http-nio-8887-exec-1] c.c.m.NotificationMapper.countByExample  : <==      Total: 1
2020-03-31 10:40:21.635 DEBUG 8484 --- [http-nio-8887-exec-1] c.c.m.QuestionExtMapper.countBySearch    : ==>  Preparing: select count(*) from QUESTION 
2020-03-31 10:40:21.636 DEBUG 8484 --- [http-nio-8887-exec-1] c.c.m.QuestionExtMapper.countBySearch    : ==> Parameters: 
2020-03-31 10:40:21.636 DEBUG 8484 --- [http-nio-8887-exec-1] c.c.m.QuestionExtMapper.countBySearch    : <==      Total: 1
2020-03-31 10:40:21.637 DEBUG 8484 --- [http-nio-8887-exec-1] c.c.m.QuestionExtMapper.selectBySearch   : ==>  Preparing: select * from QUESTION order by gmt_create desc limit ?,? 
2020-03-31 10:40:21.638 DEBUG 8484 --- [http-nio-8887-exec-1] c.c.m.QuestionExtMapper.selectBySearch   : ==> Parameters: 0(Integer), 5(Integer)
2020-03-31 10:40:21.643 DEBUG 8484 --- [http-nio-8887-exec-1] c.c.m.QuestionExtMapper.selectBySearch   : <==      Total: 5
2020-03-31 10:40:21.644 DEBUG 8484 --- [http-nio-8887-exec-1] c.c.m.UserMapper.selectByPrimaryKey      : ==>  Preparing: select ID, ACCOUNT_ID, NAME, TOKEN, GMT_CREATE, GMT_MODIFIED, BIO, AVATAR_URL from USER where ID = ? 
2020-03-31 10:40:21.646 DEBUG 8484 --- [http-nio-8887-exec-1] c.c.m.UserMapper.selectByPrimaryKey      : ==> Parameters: 1(Long)
2020-03-31 10:40:21.647 DEBUG 8484 --- [http-nio-8887-exec-1] c.c.m.UserMapper.selectByPrimaryKey      : <==      Total: 1
2020-03-31 10:40:21.651 DEBUG 8484 --- [http-nio-8887-exec-1] c.c.m.UserMapper.selectByPrimaryKey      : ==>  Preparing: select ID, ACCOUNT_ID, NAME, TOKEN, GMT_CREATE, GMT_MODIFIED, BIO, AVATAR_URL from USER where ID = ? 
2020-03-31 10:40:21.651 DEBUG 8484 --- [http-nio-8887-exec-1] c.c.m.UserMapper.selectByPrimaryKey      : ==> Parameters: 1(Long)
2020-03-31 10:40:21.652 DEBUG 8484 --- [http-nio-8887-exec-1] c.c.m.UserMapper.selectByPrimaryKey      : <==      Total: 1
2020-03-31 10:40:21.652 DEBUG 8484 --- [http-nio-8887-exec-1] c.c.m.UserMapper.selectByPrimaryKey      : ==>  Preparing: select ID, ACCOUNT_ID, NAME, TOKEN, GMT_CREATE, GMT_MODIFIED, BIO, AVATAR_URL from USER where ID = ? 
2020-03-31 10:40:21.652 DEBUG 8484 --- [http-nio-8887-exec-1] c.c.m.UserMapper.selectByPrimaryKey      : ==> Parameters: 1(Long)
2020-03-31 10:40:21.653 DEBUG 8484 --- [http-nio-8887-exec-1] c.c.m.UserMapper.selectByPrimaryKey      : <==      Total: 1
2020-03-31 10:40:21.653 DEBUG 8484 --- [http-nio-8887-exec-1] c.c.m.UserMapper.selectByPrimaryKey      : ==>  Preparing: select ID, ACCOUNT_ID, NAME, TOKEN, GMT_CREATE, GMT_MODIFIED, BIO, AVATAR_URL from USER where ID = ? 
2020-03-31 10:40:21.653 DEBUG 8484 --- [http-nio-8887-exec-1] c.c.m.UserMapper.selectByPrimaryKey      : ==> Parameters: 1(Long)
2020-03-31 10:40:21.654 DEBUG 8484 --- [http-nio-8887-exec-1] c.c.m.UserMapper.selectByPrimaryKey      : <==      Total: 1
2020-03-31 10:40:21.655 DEBUG 8484 --- [http-nio-8887-exec-1] c.c.m.UserMapper.selectByPrimaryKey      : ==>  Preparing: select ID, ACCOUNT_ID, NAME, TOKEN, GMT_CREATE, GMT_MODIFIED, BIO, AVATAR_URL from USER where ID = ? 
2020-03-31 10:40:21.655 DEBUG 8484 --- [http-nio-8887-exec-1] c.c.m.UserMapper.selectByPrimaryKey      : ==> Parameters: 1(Long)
2020-03-31 10:40:21.655 DEBUG 8484 --- [http-nio-8887-exec-1] c.c.m.UserMapper.selectByPrimaryKey      : <==      Total: 1
2020-03-31 10:40:21.967 DEBUG 8484 --- [http-nio-8887-exec-2] c.c.mapper.UserMapper.selectByExample    : ==>  Preparing: select ID, ACCOUNT_ID, NAME, TOKEN, GMT_CREATE, GMT_MODIFIED, BIO, AVATAR_URL from USER WHERE ( TOKEN = ? ) 
2020-03-31 10:40:21.967 DEBUG 8484 --- [http-nio-8887-exec-2] c.c.mapper.UserMapper.selectByExample    : ==> Parameters: 38284e7a-0c3a-4532-a534-1a95632074ac(String)
2020-03-31 10:40:21.968 DEBUG 8484 --- [http-nio-8887-exec-2] c.c.mapper.UserMapper.selectByExample    : <==      Total: 1
2020-03-31 10:40:21.970 DEBUG 8484 --- [http-nio-8887-exec-2] c.c.m.NotificationMapper.countByExample  : ==>  Preparing: select count(*) from NOTIFICATION WHERE ( RECEIVER = ? and STATUS = ? ) 
2020-03-31 10:40:21.971 DEBUG 8484 --- [http-nio-8887-exec-2] c.c.m.NotificationMapper.countByExample  : ==> Parameters: 1(Long), 0(Integer)
2020-03-31 10:40:21.972 DEBUG 8484 --- [http-nio-8887-exec-2] c.c.m.NotificationMapper.countByExample  : <==      Total: 1
